WalkInTheWoods-Project/Temp/gradleOut/launcher/build/intermediates/manifest_merge_blame_file/debug/manifest-merger-blame-debug-report.txt
1<?xml version="1.0" encoding="utf-8"?>
2<!-- GENERATED BY UNITY. REMOVE THIS COMMENT TO PREVENT OVERWRITING WHEN EXPORTING AGAIN -->
3<manifest xmlns:android="http://schemas.android.com/apk/res/android"
4    package="com.DefaultCompany.WalkInTheWoods"
5    android:installLocation="auto"
6    android:versionCode="1"
7    android:versionName="0.1" >
8
9    <uses-sdk
10        android:minSdkVersion="23"
10-->src\main\AndroidManifest.xml
11        android:targetSdkVersion="28" />
11-->src\main\AndroidManifest.xml
12
13    <supports-screens
13-->src\main\AndroidManifest.xml:4:3-163
14        android:anyDensity="true"
14-->src\main\AndroidManifest.xml:4:135-160
15        android:largeScreens="true"
15-->src\main\AndroidManifest.xml:4:78-105
16        android:normalScreens="true"
16-->src\main\AndroidManifest.xml:4:49-77
17        android:smallScreens="true"
17-->src\main\AndroidManifest.xml:4:21-48
18        android:xlargeScreens="true" />
18-->src\main\AndroidManifest.xml:4:106-134
19
20    <uses-feature android:glEsVersion="0x00030000" />
20-->[:unityLibrary] AndroidManifest.xml:14:5-54
20-->[:unityLibrary] AndroidManifest.xml:14:19-51
21
22    <uses-permission android:name="android.permission.INTERNET" />
22-->[:unityLibrary] AndroidManifest.xml:16:5-67
22-->[:unityLibrary] AndroidManifest.xml:16:22-64
23    <uses-permission android:name="android.permission.RECORD_AUDIO" />
23-->[:unityLibrary] AndroidManifest.xml:17:5-71
23-->[:unityLibrary] AndroidManifest.xml:17:22-68
24    <uses-permission android:name="android.permission.MODIFY_AUDIO_SETTINGS" />
24-->[:unityLibrary] AndroidManifest.xml:18:5-80
24-->[:unityLibrary] AndroidManifest.xml:18:22-77
25    <uses-permission android:name="android.permission.BLUETOOTH" />
25-->[:unityLibrary] AndroidManifest.xml:19:5-68
25-->[:unityLibrary] AndroidManifest.xml:19:22-65
26
27    <uses-feature
27-->[:unityLibrary] AndroidManifest.xml:21:5-23:36
28        android:name="android.hardware.microphone"
28-->[:unityLibrary] AndroidManifest.xml:22:9-51
29        android:required="false" />
29-->[:unityLibrary] AndroidManifest.xml:23:9-33
30    <uses-feature
30-->[:unityLibrary] AndroidManifest.xml:24:5-26:36
31        android:name="android.hardware.touchscreen"
31-->[:unityLibrary] AndroidManifest.xml:25:9-52
32        android:required="false" />
32-->[:unityLibrary] AndroidManifest.xml:26:9-33
33    <uses-feature
33-->[:unityLibrary] AndroidManifest.xml:27:5-29:36
34        android:name="android.hardware.touchscreen.multitouch"
34-->[:unityLibrary] AndroidManifest.xml:28:9-63
35        android:required="false" />
35-->[:unityLibrary] AndroidManifest.xml:29:9-33
36    <uses-feature
36-->[:unityLibrary] AndroidManifest.xml:30:5-32:36
37        android:name="android.hardware.touchscreen.multitouch.distinct"
37-->[:unityLibrary] AndroidManifest.xml:31:9-72
38        android:required="false" />
38-->[:unityLibrary] AndroidManifest.xml:32:9-33
39    <uses-feature
39-->[:unityLibrary] AndroidManifest.xml:33:5-36:31
40        android:name="android.hardware.vr.headtracking"
40-->[:unityLibrary] AndroidManifest.xml:34:9-56
41        android:required="true"
41-->[:unityLibrary] AndroidManifest.xml:35:9-32
42        android:version="1" />
42-->[:unityLibrary] AndroidManifest.xml:36:9-28
43
44    <application
44-->src\main\AndroidManifest.xml:5:3-116
45        android:allowBackup="false"
45-->[:unityLibrary] AndroidManifest.xml:39:9-36
46        android:debuggable="true"
47        android:extractNativeLibs="true"
47-->src\main\AndroidManifest.xml:5:16-48
48        android:icon="@mipmap/app_icon"
48-->src\main\AndroidManifest.xml:5:82-113
49        android:label="@string/app_name"
49-->src\main\AndroidManifest.xml:5:49-81
50        android:networkSecurityConfig="@xml/network_sec_config" >
50-->[:unityLibrary] AndroidManifest.xml:42:9-64
51        <activity
51-->[:unityLibrary] AndroidManifest.xml:43:9-66:20
52            android:name="com.unity3d.player.UnityPlayerActivity"
52-->[:unityLibrary] AndroidManifest.xml:44:13-66
53            android:configChanges="keyboard|keyboardHidden|navigation|orientation|screenLayout|screenSize|uiMode"
53-->[:unityLibrary] AndroidManifest.xml:45:13-114
54            android:hardwareAccelerated="false"
54-->[:unityLibrary] AndroidManifest.xml:46:13-48
55            android:launchMode="singleTask"
55-->[:unityLibrary] AndroidManifest.xml:47:13-44
56            android:screenOrientation="landscape"
56-->[:unityLibrary] AndroidManifest.xml:48:13-50
57            android:theme="@android:style/Theme.Black.NoTitleBar.Fullscreen" >
57-->[:unityLibrary] AndroidManifest.xml:49:13-77
58            <intent-filter>
58-->[:unityLibrary] AndroidManifest.xml:50:13-55:29
59                <action android:name="android.intent.action.MAIN" />
59-->[:unityLibrary] AndroidManifest.xml:51:17-69
59-->[:unityLibrary] AndroidManifest.xml:51:25-66
60
61                <category android:name="com.oculus.intent.category.VR" />
61-->[:unityLibrary] AndroidManifest.xml:53:17-74
61-->[:unityLibrary] AndroidManifest.xml:53:27-71
62                <category android:name="android.intent.category.INFO" />
62-->[:unityLibrary] AndroidManifest.xml:54:17-73
62-->[:unityLibrary] AndroidManifest.xml:54:27-70
63            </intent-filter>
64
65            <meta-data
65-->[:unityLibrary] AndroidManifest.xml:57:13-59:40
66                android:name="unityplayer.UnityActivity"
66-->[:unityLibrary] AndroidManifest.xml:58:17-57
67                android:value="true" />
67-->[:unityLibrary] AndroidManifest.xml:59:17-37
68            <meta-data
68-->[:unityLibrary] AndroidManifest.xml:60:13-62:40
69                android:name="android.notch_support"
69-->[:unityLibrary] AndroidManifest.xml:61:17-53
70                android:value="true" />
70-->[:unityLibrary] AndroidManifest.xml:62:17-37
71            <meta-data
71-->[:unityLibrary] AndroidManifest.xml:63:13-65:40
72                android:name="com.oculus.vr.focusaware"
72-->[:unityLibrary] AndroidManifest.xml:64:17-56
73                android:value="true" />
73-->[:unityLibrary] AndroidManifest.xml:65:17-37
74        </activity>
75
76        <meta-data
76-->[:unityLibrary] AndroidManifest.xml:68:9-70:33
77            android:name="unity.splash-mode"
77-->[:unityLibrary] AndroidManifest.xml:69:13-45
78            android:value="0" />
78-->[:unityLibrary] AndroidManifest.xml:70:13-30
79        <meta-data
79-->[:unityLibrary] AndroidManifest.xml:71:9-73:36
80            android:name="unity.splash-enable"
80-->[:unityLibrary] AndroidManifest.xml:72:13-47
81            android:value="True" />
81-->[:unityLibrary] AndroidManifest.xml:73:13-33
82        <meta-data
82-->[:unityLibrary] AndroidManifest.xml:74:9-76:50
83            android:name="notch.config"
83-->[:unityLibrary] AndroidManifest.xml:75:13-40
84            android:value="portrait|landscape" />
84-->[:unityLibrary] AndroidManifest.xml:76:13-47
85        <meta-data
85-->[:unityLibrary] AndroidManifest.xml:77:9-79:68
86            android:name="unity.build-id"
86-->[:unityLibrary] AndroidManifest.xml:78:13-42
87            android:value="3f94fe76-3dd1-478d-8669-53a46f94eb34" />
87-->[:unityLibrary] AndroidManifest.xml:79:13-65
88        <meta-data
88-->[:unityLibrary] AndroidManifest.xml:80:9-82:39
89            android:name="com.samsung.android.vr.application.mode"
89-->[:unityLibrary] AndroidManifest.xml:81:13-67
90            android:value="vr_only" />
90-->[:unityLibrary] AndroidManifest.xml:82:13-36
91        <meta-data
91-->[:unityLibrary] AndroidManifest.xml:83:9-85:37
92            android:name="com.unity.xr.oculus.LowOverheadMode"
92-->[:unityLibrary] AndroidManifest.xml:84:13-63
93            android:value="false" />
93-->[:unityLibrary] AndroidManifest.xml:85:13-34
94        <meta-data
94-->[:unityLibrary] AndroidManifest.xml:86:9-88:44
95            android:name="com.oculus.supportedDevices"
95-->[:unityLibrary] AndroidManifest.xml:87:13-55
96            android:value="quest|delmar" />
96-->[:unityLibrary] AndroidManifest.xml:88:13-41
97    </application>
98
99</manifest>